<?xml version="1.0" encoding="UTF-8"?>
<testsuite xmlns:xsi="http://www.w3.org/2001/XMLSchema-instance" xsi:noNamespaceSchemaLocation="https://maven.apache.org/surefire/maven-surefire-plugin/xsd/surefire-test-report-3.0.xsd" version="3.0" name="test.BellezaTest" time="0.057" tests="8" errors="0" skipped="0" failures="0">
  <properties>
[...]
</properties>
  <testcase name="testSumar3ValoresInt" classname="test.BellezaTest" time="0.023"/>
  <testcase name="testValorDescuento" classname="test.BellezaTest" time="0.0"/>
  <testcase name="testAcumular" classname="test.BellezaTest" time="0.001"/>
  <testcase name="testValorPagar" classname="test.BellezaTest" time="0.001"/>
  <testcase name="testCalcularPorcentaje" classname="test.BellezaTest" time="0.001"/>
  <testcase name="testSumar3ValoresFloat" classname="test.BellezaTest" time="0.001"/>
  <testcase name="testDeterminarPorcentaje" classname="test.BellezaTest" time="0.001"/>
  <testcase name="testContar" classname="test.BellezaTest" time="0.001"/>
</testsuite>